
Backtrace
=========
[str8]
7632 depth: 9
1854   p/m: 63278541 B

6327 depth: 8
8541   p/m: 62478351 C

6247 depth: 7
8351   p/m: 24763518 B

2476 depth: 6
3518   p/m: 47625183 B

4762 depth: 5
5183   p/m: 51834762 A

5183 depth: 4
4762   p/m: 58634172 C

5863 depth: 3
4172   p/m: 86351724 B

8635 depth: 2
1724   p/m: 17248635 A

1724 depth: 1
8635   p/m: 12348765 C

1234 depth: 0
8765   p/m: None Z

[revs]
7632 depth: 9
1854   p/m: 78621534 C

7862 depth: 8
1534   p/m: 27864153 B

2786 depth: 7
4153   p/m: 21764583 C

2176 depth: 6
4583   p/m: 62173458 B

6217 depth: 5
3458   p/m: 64273518 C

6427 depth: 4
3518   p/m: 76428351 B

7642 depth: 3
8351   p/m: 27641835 B

2764 depth: 2
1835   p/m: 42765183 B

4276 depth: 1
5183   p/m: 41265873 C

4126 depth: 0
5873   p/m: None Z

